TN:
SF:script/DeployMinimalAccount.s.sol
FN:12,DeployMinimalAccount.deployMinimalAccount
FN:8,DeployMinimalAccount.run
FNDA:0,DeployMinimalAccount.deployMinimalAccount
FNDA:5,DeployMinimalAccount.run
FNF:2
FNH:1
DA:8,5
DA:9,5
DA:12,0
DA:13,5
DA:14,5
DA:16,5
DA:17,5
DA:18,5
DA:19,5
DA:20,5
LF:10
LH:9
end_of_record
TN:
SF:script/HelperConfig.s.sol
FN:23,HelperConfig.constructor
FN:28,HelperConfig.getConfig
FN:32,HelperConfig.getConfigByChainId
FN:42,HelperConfig.getEthSepoliaConfig
FN:46,HelperConfig.getZkSyncSepoliaConfig
FN:50,HelperConfig.getAnvilEthConfig
FNDA:14,HelperConfig.constructor
FNDA:18,HelperConfig.getConfig
FNDA:2,HelperConfig.getConfigByChainId
FNDA:14,HelperConfig.getEthSepoliaConfig
FNDA:14,HelperConfig.getZkSyncSepoliaConfig
FNDA:0,HelperConfig.getAnvilEthConfig
FNF:6
FNH:5
DA:23,14
DA:24,14
DA:25,14
DA:28,18
DA:29,18
DA:32,2
DA:33,20
DA:34,15
DA:35,5
DA:36,4
DA:38,1
DA:42,14
DA:43,14
DA:46,14
DA:47,14
DA:50,0
DA:51,15
DA:52,8
DA:55,7
DA:56,7
DA:57,7
DA:59,7
DA:61,7
LF:23
LH:22
end_of_record
TN:
SF:script/SendPackedUserOp.s.sol
FN:10,SendPackedUserOp.run
FN:12,SendPackedUserOp.generateSignedUserOp
FN:40,SendPackedUserOp._generateUnsignedUserOp
FNDA:1,SendPackedUserOp.run
FNDA:4,SendPackedUserOp.generateSignedUserOp
FNDA:1,SendPackedUserOp._generateUnsignedUserOp
FNF:3
FNH:3
DA:10,1
DA:12,4
DA:18,4
DA:19,4
DA:22,4
DA:23,4
DA:26,4
DA:27,4
DA:28,4
DA:29,4
DA:31,4
DA:32,4
DA:34,0
DA:36,4
DA:37,4
DA:40,1
DA:45,5
DA:46,5
DA:47,5
DA:48,5
DA:50,5
LF:21
LH:20
end_of_record
TN:
SF:src/ethereum/MinimalAccount.sol
FN:30,MinimalAccount.requireFromEntryPoint
FN:37,MinimalAccount.requireFromEntrypointOrOwner
FN:47,MinimalAccount.constructor
FN:55,MinimalAccount.execute
FN:63,MinimalAccount.validateUserOp
FN:73,MinimalAccount._validateSignature
FN:88,MinimalAccount._payPrefund
FN:99,MinimalAccount.getEntryPoint
FNDA:4,MinimalAccount.requireFromEntryPoint
FNDA:6,MinimalAccount.requireFromEntrypointOrOwner
FNDA:12,MinimalAccount.constructor
FNDA:6,MinimalAccount.execute
FNDA:4,MinimalAccount.validateUserOp
FNDA:4,MinimalAccount._validateSignature
FNDA:4,MinimalAccount._payPrefund
FNDA:1,MinimalAccount.getEntryPoint
FNF:8
FNH:8
DA:30,4
DA:31,4
DA:32,0
DA:37,6
DA:38,6
DA:39,2
DA:47,12
DA:48,12
DA:55,6
DA:56,4
DA:57,4
DA:58,0
DA:63,4
DA:68,4
DA:69,4
DA:73,4
DA:78,4
DA:79,4
DA:81,4
DA:82,0
DA:85,4
DA:88,4
DA:89,4
DA:90,3
DA:99,1
DA:100,1
LF:26
LH:23
end_of_record
